<?xml version="1.0" encoding="UTF-8"?>
<testsuite name="SimpleBankSystemTest" tests="1" skipped="0" failures="0" errors="0" timestamp="2020-07-06T13:13:51" hostname="mareno" time="0.728">
  <properties/>
  <testcase name="start" classname="SimpleBankSystemTest" time="0.728"/>
  <system-out><![CDATA[?[1;31m
Start test 1?[0m
1. Create an account
2. Log into account
0. Exit
> 0

Bye!
?[1;31m
Start test 2?[0m
1. Create an account
2. Log into account
0. Exit
> 0

Bye!
?[1;31m
Start test 3?[0m
1. Create an account
2. Log into account
0. Exit
> 0

Bye!
?[1;31m
Start test 4?[0m
1. Create an account
2. Log into account
0. Exit
> 0

Bye!
?[1;31m
Start test 5?[0m
1. Create an account
2. Log into account
0. Exit
> 1

Your card has been created
Your card number:
4000003431255518
Your card PIN:
5987

1. Create an account
2. Log into account
0. Exit
> 1

Your card has been created
Your card number:
4000003202552796
Your card PIN:
8927

1. Create an account
2. Log into account
0. Exit
> 1

Your card has been created
Your card number:
4000005651413156
Your card PIN:
7725

1. Create an account
2. Log into account
0. Exit
> 1

Your card has been created
Your card number:
4000005944359455
Your card PIN:
2063

1. Create an account
2. Log into account
0. Exit
> 0

Bye!
?[1;31m
Start test 6?[0m
1. Create an account
2. Log into account
0. Exit
> 1

Your card has been created
Your card number:
4000005948373411
Your card PIN:
4442

1. Create an account
2. Log into account
0. Exit
> 2

Enter your card number:
> 4000005948373411
Enter  your PIN:
> 4442
You have successfully logged in!

1. Balance
2. Add income
3. Do transfer
4. Close account
5. Log out
0. Exit
> 0
Bye!

?[1;31m
Start test 7?[0m
1. Create an account
2. Log into account
0. Exit
> 1

Your card has been created
Your card number:
4000001366165389
Your card PIN:
7424

1. Create an account
2. Log into account
0. Exit
> 2

Enter your card number:
> 4000001366165389
Enter  your PIN:
> 3535
Wrong card number or PIN!


1. Create an account
2. Log into account
0. Exit
> 0

Bye!
?[1;31m
Start test 8?[0m
1. Create an account
2. Log into account
0. Exit
> 1

Your card has been created
Your card number:
4000002505302602
Your card PIN:
9969

1. Create an account
2. Log into account
0. Exit
> 2

Enter your card number:
> 400000427499925
Enter  your PIN:
> 9969
Wrong card number or PIN!


1. Create an account
2. Log into account
0. Exit
> 0

Bye!
?[1;31m
Start test 9?[0m
1. Create an account
2. Log into account
0. Exit
> 1

Your card has been created
Your card number:
4000005366647486
Your card PIN:
7012

1. Create an account
2. Log into account
0. Exit
> 2

Enter your card number:
> 4000005366647486
Enter  your PIN:
> 7012
You have successfully logged in!

1. Balance
2. Add income
3. Do transfer
4. Close account
5. Log out
0. Exit
> 1
0
1. Balance
2. Add income
3. Do transfer
4. Close account
5. Log out
0. Exit
> 0
Bye!

?[1;31m
Start test 10?[0m
1. Create an account
2. Log into account
0. Exit
> 1

Your card has been created
Your card number:
4000008238308642
Your card PIN:
1150

1. Create an account
2. Log into account
0. Exit
> 2

Enter your card number:
> 4000008238308642
Enter  your PIN:
> 1150
You have successfully logged in!

1. Balance
2. Add income
3. Do transfer
4. Close account
5. Log out
0. Exit
> 2
Enter income:
> 10000
Income was added!

1. Balance
2. Add income
3. Do transfer
4. Close account
5. Log out
0. Exit
1. Balance
2. Add income
3. Do transfer
4. Close account
5. Log out
0. Exit
> 2
Enter income:
> 15000
Income was added!

1. Balance
2. Add income
3. Do transfer
4. Close account
5. Log out
0. Exit
1. Balance
2. Add income
3. Do transfer
4. Close account
5. Log out
0. Exit
> 0
Bye!

?[1;31m
Start test 11?[0m
1. Create an account
2. Log into account
0. Exit
> 1

Your card has been created
Your card number:
4000004192921579
Your card PIN:
6917

1. Create an account
2. Log into account
0. Exit
> 2

Enter your card number:
> 4000004192921579
Enter  your PIN:
> 6917
You have successfully logged in!

1. Balance
2. Add income
3. Do transfer
4. Close account
5. Log out
0. Exit
> 4
1. Balance
2. Add income
3. Do transfer
4. Close account
5. Log out
0. Exit
> 0
Bye!

]]></system-out>
  <system-err><![CDATA[]]></system-err>
</testsuite>
